START
Tour de boucle
POLL
B1
	C1
Adversaire: NOTHING


manche
Tour de boucle
On va tirer : C1

Adversaire: NOTHING


manche
Tour de boucle
POLL
C1

	D1
Adversaire: NOTHING


manche
Tour de boucle
On va tirer : D1

Adversaire: NOTHING


manche
Tour de boucle
POLL
D1

	E0
Adversaire: NOTHING


manche
Tour de boucle
On va tirer : E0

Adversaire: NOTHING


manche
Tour de boucle
POLL
E0

	F0
Adversaire: NOTHING


manche
Tour de boucle
On va tirer : F0

Adversaire: NOTHING


manche
Tour de boucle
POLL
F0

PAS DE BATEAU ici : 	F0
Adversaire: ATTACK


manche
Tour de boucle
POLL
F1
PAS DE BATEAU ici : 	F0
Adversaire: NOTHING


manche
Tour de boucle
POLL
I1
PAS DE BATEAU ici : 	F0
Adversaire: NOTHING


manche
Tour de boucle
POLL
B5
	B5
Adversaire: NOTHING


manche
Tour de boucle
On va tirer : B5

Adversaire: ATTACK


manche
Tour de boucle
POLL
B5

	C5
Adversaire: NOTHING


manche
Tour de boucle
On va tirer : C5

Adversaire: NOTHING


manche
Tour de boucle
POLL
C5

	D5
Adversaire: NOTHING


manche
Tour de boucle
On va tirer : D5

Adversaire: NOTHING


manche
Tour de boucle
POLL
D5

PAS DE BATEAU ici : 	D5
Adversaire: ATTACK


manche
Tour de boucle
POLL
F5
PAS DE BATEAU ici : 	D5
Adversaire: NOTHING


manche
Tour de boucle
POLL
I5
PAS DE BATEAU ici : 	D5
Adversaire: NOTHING


manche
Tour de boucle
POLL
B8
	C9
Adversaire: NOTHING


manche
Tour de boucle
On va tirer : C9

Adversaire: ATTACK


manche
Tour de boucle
POLL
C9

	D9
Adversaire: NOTHING


manche
Tour de boucle
On va tirer : D9

Adversaire: ATTACK


manche
Tour de boucle
POLL
D9

	E9
Adversaire: NOTHING


manche
Tour de boucle
On va tirer : E9

Adversaire: ATTACK


manche
Tour de boucle
POLL
E9

	F9
Adversaire: NOTHING


manche
Tour de boucle
On va tirer : F9

Adversaire: NOTHING


manche
Tour de boucle
POLL
F9

	G9
Adversaire: ATTACK


manche
Tour de boucle
On va tirer : G9

Adversaire: NOTHING


manche
Tour de boucle
POLL
G9

PAS DE BATEAU ici : 	G9
Adversaire: NOTHING


manche
Tour de boucle
POLL
F8
PAS DE BATEAU ici : 	G9
Adversaire: NOTHING


manche
Tour de boucle
POLL
I8
PAS DE BATEAU ici : 	G9
Adversaire: NOTHING


manche
Tour de boucle
POLL
D1
	D0
Adversaire: ATTACK


manche
Tour de boucle
On va tirer : D0

Adversaire: NOTHING


manche
Tour de boucle
POLL
D0

