Ship #1: OK
Ship #2: OK
Ship #3: OK
Ship #4: OK
Ship #5: OK

Pool at I7: SHIP
Feedback: NOTHING

Shoot at J8: HIT
Feedback: ATTACK

Pool at F4: EMPTY
Feedback: NOTHING

Pool at D3: SHIP
Feedback: ATTACK

Shoot at C2: HIT
Feedback: NOTHING

Pool at H5: EMPTY
Feedback: ATTACK

Pool at G5: EMPTY
Feedback: NOTHING

Pool at I6: EMPTY
Feedback: ATTACK

Pool at G4: EMPTY
Feedback: NOTHING

Pool at H6: EMPTY
Feedback: NOTHING

Pool at G2: EMPTY
Feedback: NOTHING

Pool at D3: SHIP
Feedback: NOTHING

Shoot at C3: HIT
Feedback: ATTACK

Pool at I6: EMPTY
Feedback: NOTHING

Pool at G8: SHIP
Feedback: ATTACK

Shoot at H8: HIT
Feedback: NOTHING

Pool at F2: EMPTY
Feedback: ATTACK

Pool at D7: EMPTY
Feedback: NOTHING

Pool at B3: SHIP
Feedback: ATTACK

Shoot at C4: HIT
Feedback: NOTHING

Pool at B8: SHIP
Feedback: ATTACK

Shoot at B7: HIT
Feedback: NOTHING

Pool at C5: SHIP
Feedback: ATTACK

Shoot at B6: HIT
Feedback: NOTHING

Pool at D4: EMPTY
Feedback: ATTACK

Pool at I1: SHIP
Feedback: NOTHING

Shoot at I0: HIT
Feedback: ATTACK

Pool at I5: EMPTY
Feedback: NOTHING

Pool at F7: EMPTY
Feedback: NOTHING

Pool at C2: EMPTY
Feedback: ATTACK

Pool at C8: SHIP
Feedback: NOTHING

Shoot at B8: HIT
Feedback: ATTACK

Pool at H7: SHIP
Feedback: NOTHING

Shoot at I8: HIT
Feedback: NOTHING

Pool at C2: EMPTY
Feedback: NOTHING

Pool at C1: EMPTY
Feedback: NOTHING

Pool at H7: EMPTY
Feedback: ATTACK

Pool at B3: SHIP
Feedback: NOTHING

Shoot at B4: HIT
Feedback: ATTACK

Pool at I3: SHIP
Feedback: NOTHING

Shoot at I3: HIT
Feedback: ATTACK

