100
21.5947 155.35
-271.887 -353.05
-441.996 448.557
352.603 224.04
-238.365 -36.7897
139.226 284.03
232.984 -462.5
464.59 -199.448
131.304 5.2031
-409.526 185.446
297.443 271.229
-458.016 497.807
82.7198 -400.345
173.404 -256.239
291.347 105.649
-225.633 346.98
366.548 -116.306
191.611 405.309
-493.099 -250.554
356.436 -367.818
144.114 447.954
-431.776 -345.521
-477.234 -255.759
205.028 -116.062
-40.1713 -39.6876
-291.6 -193.67
-5.40309 20.8854
-495.72 -0.160673
-416.066 87.6002
488.921 33.965
-394.718 -59.2079
381.247 -306.447
208.607 496.754
133.178 264.259
-401.22 -12.4239
-354.681 -479.826
-337.303 173.23
-498.214 182.309
-329.2 -113.356
448.554 478.146
-103.034 317.361
207.293 55.4566
-183.362 354.233
-175.822 -302.283
-214.812 -384.226
-361.142 156.517
136.667 123.838
-203.515 437.937
-133.298 67.3077
242.787 -199.549
133.055 -433.23
294.495 29.8309
-258.665 49.3951
201.479 214.802
-161.248 110.606
-58.6981 10.7606
-222.771 292.586
-286.788 489.83
-120.53 122.165
140.078 -333.827
390.745 -325.941
-73.8918 277.872
-482.142 252.878
83.765 -220.513
-66.8493 337.263
-228.83 320.432
435.343 296.729
-425.809 319.233
-80.322 -464.962
-270.27 -188.246
-469.368 -18.2575
436.244 -116.388
-372.27 -37.5452
366.749 -440.368
167.085 22.5416
-102.17 315.809
498.451 -487.613
45.1498 -51.9043
118.993 -137.587
-216.286 485.502
-375.184 143.283
496.774 404.467
265.414 -325.434
7.65266 230.458
-96.5743 227.722
455.634 79.2665
128.679 431.697
356.915 160.755
-128.884 -499.354
-159.653 -62.751
-337.51 -12.6631
283.702 -98.168
216.777 454.421
-245.613 304.798
417.196 -470.808
17.8109 -416.759
1.74598 305.735
-15.7481 -329.658
53.5459 327.817
353.846 92.5034
